TN:
SF:src\App.tsx
FN:1,(empty-report)
FNF:1
FNH:0
FNDA:0,(empty-report)
DA:1,0
DA:2,0
DA:3,0
DA:4,0
DA:5,0
DA:6,0
DA:7,0
DA:8,0
DA:9,0
DA:10,0
DA:11,0
DA:12,0
DA:13,0
DA:14,0
DA:15,0
DA:16,0
DA:17,0
DA:18,0
DA:19,0
DA:20,0
DA:21,0
DA:22,0
DA:23,0
DA:24,0
DA:25,0
DA:26,0
DA:27,0
DA:28,0
DA:29,0
DA:30,0
DA:31,0
DA:32,0
DA:33,0
DA:34,0
DA:35,0
DA:36,0
DA:37,0
DA:38,0
DA:39,0
DA:40,0
DA:41,0
DA:42,0
DA:43,0
DA:44,0
DA:45,0
DA:46,0
DA:47,0
DA:48,0
LF:48
LH:0
BRDA:1,0,0,0
BRF:1
BRH:0
end_of_record
TN:
SF:src\main.tsx
FN:1,(empty-report)
FNF:1
FNH:0
FNDA:0,(empty-report)
DA:1,0
DA:2,0
DA:3,0
DA:4,0
DA:5,0
DA:6,0
DA:7,0
DA:8,0
DA:9,0
LF:9
LH:0
BRDA:1,0,0,0
BRF:1
BRH:0
end_of_record
TN:
SF:src\api\audit.ts
FN:1,(empty-report)
FNF:1
FNH:0
FNDA:0,(empty-report)
DA:1,0
DA:2,0
DA:3,0
DA:4,0
DA:5,0
DA:6,0
DA:7,0
DA:8,0
DA:9,0
DA:10,0
DA:11,0
DA:12,0
DA:13,0
DA:14,0
DA:15,0
DA:16,0
DA:17,0
DA:18,0
DA:19,0
DA:20,0
DA:21,0
DA:22,0
DA:23,0
DA:24,0
DA:25,0
DA:26,0
DA:27,0
DA:28,0
DA:29,0
DA:30,0
DA:31,0
DA:32,0
DA:33,0
DA:34,0
DA:35,0
DA:36,0
DA:37,0
DA:38,0
DA:39,0
DA:40,0
DA:41,0
DA:42,0
DA:43,0
DA:44,0
DA:45,0
DA:46,0
DA:47,0
DA:48,0
DA:49,0
DA:50,0
DA:51,0
DA:52,0
DA:53,0
DA:54,0
DA:55,0
DA:56,0
DA:57,0
DA:58,0
DA:59,0
DA:60,0
DA:61,0
DA:62,0
DA:63,0
DA:64,0
DA:65,0
DA:66,0
DA:67,0
DA:68,0
DA:69,0
DA:70,0
DA:71,0
DA:72,0
DA:73,0
DA:74,0
DA:75,0
DA:76,0
DA:77,0
DA:78,0
DA:79,0
DA:80,0
DA:81,0
DA:82,0
DA:83,0
DA:84,0
DA:85,0
DA:86,0
DA:87,0
LF:87
LH:0
BRDA:1,0,0,0
BRF:1
BRH:0
end_of_record
TN:
SF:src\api\chain.ts
FN:1,(empty-report)
FNF:1
FNH:0
FNDA:0,(empty-report)
DA:1,0
DA:2,0
DA:3,0
DA:4,0
DA:5,0
DA:6,0
DA:7,0
DA:8,0
DA:9,0
DA:10,0
DA:11,0
DA:12,0
DA:13,0
DA:14,0
DA:15,0
DA:16,0
DA:17,0
DA:18,0
DA:19,0
DA:20,0
DA:21,0
DA:22,0
DA:23,0
DA:24,0
DA:25,0
DA:26,0
DA:27,0
DA:28,0
DA:29,0
DA:30,0
DA:31,0
DA:32,0
DA:33,0
DA:34,0
DA:35,0
DA:36,0
DA:37,0
DA:38,0
DA:39,0
DA:40,0
DA:41,0
DA:42,0
DA:43,0
DA:44,0
DA:45,0
DA:46,0
DA:47,0
DA:48,0
DA:49,0
DA:50,0
DA:51,0
DA:52,0
DA:53,0
DA:54,0
DA:55,0
DA:56,0
DA:57,0
DA:58,0
DA:59,0
DA:60,0
DA:61,0
DA:62,0
DA:63,0
DA:64,0
DA:65,0
DA:66,0
DA:67,0
DA:68,0
DA:69,0
DA:70,0
DA:71,0
DA:72,0
DA:73,0
DA:74,0
DA:75,0
LF:75
LH:0
BRDA:1,0,0,0
BRF:1
BRH:0
end_of_record
TN:
SF:src\api\client.ts
FN:1,(empty-report)
FNF:1
FNH:0
FNDA:0,(empty-report)
DA:1,0
DA:2,0
DA:3,0
DA:4,0
DA:5,0
DA:6,0
DA:7,0
DA:8,0
DA:9,0
DA:10,0
DA:11,0
DA:12,0
DA:13,0
DA:14,0
DA:15,0
DA:16,0
DA:17,0
DA:18,0
DA:19,0
DA:20,0
DA:21,0
DA:22,0
DA:23,0
DA:24,0
DA:25,0
DA:26,0
DA:27,0
DA:28,0
DA:29,0
DA:30,0
DA:31,0
DA:32,0
DA:33,0
DA:34,0
DA:35,0
DA:36,0
DA:37,0
DA:38,0
DA:39,0
DA:40,0
DA:41,0
DA:42,0
DA:43,0
DA:44,0
DA:45,0
DA:46,0
DA:47,0
DA:48,0
DA:49,0
DA:50,0
DA:51,0
DA:52,0
DA:53,0
DA:54,0
DA:55,0
DA:56,0
DA:57,0
DA:58,0
DA:59,0
DA:60,0
DA:61,0
DA:62,0
DA:63,0
DA:64,0
DA:65,0
DA:66,0
DA:67,0
DA:68,0
DA:69,0
DA:70,0
LF:70
LH:0
BRDA:1,0,0,0
BRF:1
BRH:0
end_of_record
TN:
SF:src\api\credentials.ts
FN:1,(empty-report)
FNF:1
FNH:0
FNDA:0,(empty-report)
DA:1,0
DA:2,0
DA:3,0
DA:4,0
DA:5,0
DA:6,0
DA:7,0
DA:8,0
DA:9,0
DA:10,0
DA:11,0
DA:12,0
DA:13,0
DA:14,0
DA:15,0
DA:16,0
DA:17,0
DA:18,0
DA:19,0
DA:20,0
DA:21,0
DA:22,0
DA:23,0
DA:24,0
DA:25,0
DA:26,0
DA:27,0
DA:28,0
DA:29,0
DA:30,0
DA:31,0
DA:32,0
DA:33,0
DA:34,0
DA:35,0
DA:36,0
DA:37,0
DA:38,0
DA:39,0
DA:40,0
DA:41,0
DA:42,0
DA:43,0
DA:44,0
DA:45,0
DA:46,0
DA:47,0
DA:48,0
DA:49,0
DA:50,0
DA:51,0
DA:52,0
DA:53,0
DA:54,0
DA:55,0
DA:56,0
DA:57,0
DA:58,0
DA:59,0
DA:60,0
DA:61,0
DA:62,0
DA:63,0
DA:64,0
DA:65,0
DA:66,0
DA:67,0
DA:68,0
LF:68
LH:0
BRDA:1,0,0,0
BRF:1
BRH:0
end_of_record
TN:
SF:src\api\sentinels.ts
FN:1,(empty-report)
FNF:1
FNH:0
FNDA:0,(empty-report)
DA:1,0
DA:2,0
DA:3,0
DA:4,0
DA:5,0
DA:6,0
DA:7,0
DA:8,0
DA:9,0
DA:10,0
DA:11,0
DA:12,0
DA:13,0
DA:14,0
DA:15,0
DA:16,0
DA:17,0
DA:18,0
DA:19,0
DA:20,0
DA:21,0
DA:22,0
DA:23,0
DA:24,0
DA:25,0
DA:26,0
DA:27,0
DA:28,0
DA:29,0
DA:30,0
DA:31,0
DA:32,0
DA:33,0
DA:34,0
DA:35,0
DA:36,0
DA:37,0
DA:38,0
DA:39,0
DA:40,0
DA:41,0
DA:42,0
DA:43,0
DA:44,0
DA:45,0
DA:46,0
DA:47,0
DA:48,0
DA:49,0
DA:50,0
DA:51,0
DA:52,0
DA:53,0
DA:54,0
DA:55,0
DA:56,0
DA:57,0
DA:58,0
DA:59,0
DA:60,0
DA:61,0
DA:62,0
DA:63,0
DA:64,0
DA:65,0
DA:66,0
DA:67,0
DA:68,0
DA:69,0
DA:70,0
DA:71,0
DA:72,0
DA:73,0
DA:74,0
DA:75,0
DA:76,0
DA:77,0
DA:78,0
DA:79,0
DA:80,0
DA:81,0
DA:82,0
DA:83,0
DA:84,0
DA:85,0
DA:86,0
DA:87,0
DA:88,0
LF:88
LH:0
BRDA:1,0,0,0
BRF:1
BRH:0
end_of_record
TN:
SF:src\api\services.ts
FN:1,(empty-report)
FNF:1
FNH:0
FNDA:0,(empty-report)
DA:1,0
DA:2,0
DA:3,0
DA:4,0
DA:5,0
DA:6,0
DA:7,0
DA:8,0
DA:9,0
DA:10,0
DA:11,0
DA:12,0
DA:13,0
DA:14,0
DA:15,0
DA:16,0
DA:17,0
DA:18,0
DA:19,0
DA:20,0
DA:21,0
DA:22,0
DA:23,0
DA:24,0
DA:25,0
DA:26,0
DA:27,0
DA:28,0
DA:29,0
DA:30,0
DA:31,0
DA:32,0
DA:33,0
DA:34,0
DA:35,0
DA:36,0
DA:37,0
DA:38,0
DA:39,0
DA:40,0
DA:41,0
DA:42,0
DA:43,0
DA:44,0
DA:45,0
DA:46,0
DA:47,0
LF:47
LH:0
BRDA:1,0,0,0
BRF:1
BRH:0
end_of_record
TN:
SF:src\auth\ProtectedRoute.tsx
FN:7,ProtectedRoute
FNF:1
FNH:1
FNDA:8,ProtectedRoute
DA:1,1
DA:2,1
DA:3,1
DA:4,1
DA:5,1
DA:6,1
DA:7,1
DA:8,8
DA:9,8
DA:10,8
DA:11,3
DA:12,3
DA:13,3
DA:14,3
DA:15,3
DA:16,3
DA:17,5
DA:18,8
DA:19,2
DA:20,2
DA:21,2
DA:22,3
DA:23,3
DA:24,3
LF:24
LH:24
BRDA:7,0,0,8
BRDA:10,1,0,3
BRDA:16,2,0,5
BRDA:18,3,0,2
BRDA:21,4,0,3
BRF:5
BRH:5
end_of_record
TN:
SF:src\auth\oidcConfig.ts
FN:1,(empty-report)
FNF:1
FNH:0
FNDA:0,(empty-report)
DA:1,0
DA:2,0
DA:3,0
DA:4,0
DA:5,0
DA:6,0
DA:7,0
DA:8,0
DA:9,0
DA:10,0
DA:11,0
DA:12,0
DA:13,0
LF:13
LH:0
BRDA:1,0,0,0
BRF:1
BRH:0
end_of_record
TN:
SF:src\components\AppShell.tsx
FN:1,(empty-report)
FNF:1
FNH:0
FNDA:0,(empty-report)
DA:1,0
DA:2,0
DA:3,0
DA:4,0
DA:5,0
DA:6,0
DA:7,0
DA:8,0
DA:9,0
DA:10,0
DA:11,0
DA:12,0
DA:13,0
DA:14,0
DA:15,0
DA:16,0
DA:17,0
DA:18,0
DA:19,0
DA:20,0
DA:21,0
DA:22,0
DA:23,0
DA:24,0
DA:25,0
DA:26,0
DA:27,0
DA:28,0
DA:29,0
DA:30,0
DA:31,0
DA:32,0
DA:33,0
DA:34,0
DA:35,0
DA:36,0
DA:37,0
DA:38,0
DA:39,0
DA:40,0
DA:41,0
DA:42,0
DA:43,0
DA:44,0
DA:45,0
DA:46,0
DA:47,0
DA:48,0
DA:49,0
DA:50,0
DA:51,0
DA:52,0
DA:53,0
DA:54,0
DA:55,0
DA:56,0
DA:57,0
DA:58,0
DA:59,0
DA:60,0
DA:61,0
DA:62,0
DA:63,0
DA:64,0
DA:65,0
DA:66,0
DA:67,0
DA:68,0
DA:69,0
DA:70,0
DA:71,0
DA:72,0
DA:73,0
DA:74,0
DA:75,0
DA:76,0
DA:77,0
DA:78,0
DA:79,0
DA:80,0
DA:81,0
DA:82,0
DA:83,0
DA:84,0
DA:85,0
DA:86,0
DA:87,0
DA:88,0
DA:89,0
DA:90,0
DA:91,0
DA:92,0
DA:93,0
DA:94,0
DA:95,0
DA:96,0
DA:97,0
DA:98,0
DA:99,0
DA:100,0
DA:101,0
DA:102,0
DA:103,0
DA:104,0
DA:105,0
DA:106,0
DA:107,0
DA:108,0
DA:109,0
DA:110,0
DA:111,0
DA:112,0
DA:113,0
DA:114,0
DA:115,0
DA:116,0
DA:117,0
DA:118,0
DA:119,0
DA:120,0
DA:121,0
DA:122,0
DA:123,0
DA:124,0
DA:125,0
DA:126,0
DA:127,0
DA:128,0
DA:129,0
DA:130,0
DA:131,0
DA:132,0
DA:133,0
DA:134,0
DA:135,0
DA:136,0
DA:137,0
DA:138,0
DA:139,0
DA:140,0
DA:141,0
DA:142,0
DA:143,0
DA:144,0
DA:145,0
DA:146,0
DA:147,0
DA:148,0
DA:149,0
DA:150,0
DA:151,0
DA:152,0
DA:153,0
DA:154,0
DA:155,0
DA:156,0
LF:156
LH:0
BRDA:1,0,0,0
BRF:1
BRH:0
end_of_record
TN:
SF:src\components\audit\AuditFiltersBar.tsx
FN:43,AuditFiltersBar
FN:44,set
FN:46,handleActionsChange
FN:57,onChange
FN:69,renderValue
FN:103,onChange
FN:113,onChange
FN:123,onChange
FNF:8
FNH:1
FNDA:28,AuditFiltersBar
FNDA:0,set
FNDA:0,handleActionsChange
FNDA:0,onChange
FNDA:0,renderValue
FNDA:0,onChange
FNDA:0,onChange
FNDA:0,onChange
DA:1,1
DA:2,1
DA:3,1
DA:4,1
DA:5,1
DA:6,1
DA:7,1
DA:8,1
DA:9,1
DA:10,1
DA:11,1
DA:12,1
DA:13,1
DA:14,1
DA:15,1
DA:16,1
DA:17,1
DA:18,1
DA:19,1
DA:20,1
DA:21,1
DA:22,1
DA:23,1
DA:24,1
DA:25,1
DA:26,1
DA:27,1
DA:28,1
DA:29,1
DA:30,1
DA:31,1
DA:32,1
DA:33,1
DA:34,1
DA:35,1
DA:36,1
DA:37,1
DA:38,1
DA:39,1
DA:40,1
DA:41,1
DA:42,1
DA:43,1
DA:44,28
DA:45,28
DA:46,28
DA:47,0
DA:48,0
DA:49,0
DA:50,28
DA:51,28
DA:52,28
DA:53,28
DA:54,28
DA:55,28
DA:56,28
DA:57,28
DA:58,28
DA:59,28
DA:60,28
DA:61,28
DA:62,28
DA:63,28
DA:64,28
DA:65,28
DA:66,28
DA:67,28
DA:68,28
DA:69,28
DA:70,0
DA:71,0
DA:72,0
DA:73,0
DA:74,0
DA:75,0
DA:76,0
DA:77,0
DA:78,0
DA:79,0
DA:80,0
DA:81,0
DA:82,0
DA:83,28
DA:84,28
DA:85,28
DA:86,224
DA:87,224
DA:88,224
DA:89,224
DA:90,224
DA:91,224
DA:92,224
DA:93,224
DA:94,224
DA:95,28
DA:96,28
DA:97,28
DA:98,28
DA:99,28
DA:100,28
DA:101,28
DA:102,28
DA:103,28
DA:104,28
DA:105,28
DA:106,28
DA:107,28
DA:108,28
DA:109,28
DA:110,28
DA:111,28
DA:112,28
DA:113,28
DA:114,28
DA:115,28
DA:116,28
DA:117,28
DA:118,28
DA:119,28
DA:120,28
DA:121,28
DA:122,28
DA:123,28
DA:124,28
DA:125,28
DA:126,28
DA:127,28
DA:128,28
DA:129,28
LF:129
LH:113
BRDA:43,0,0,28
BRDA:85,1,0,224
BRF:2
BRH:2
end_of_record
TN:
SF:src\components\audit\AuditSnippet.tsx
FN:17,relativeTime
FN:26,AuditSnippet
FN:50,onClick
FNF:3
FNH:1
FNDA:0,relativeTime
FNDA:4,AuditSnippet
FNDA:0,onClick
DA:1,1
DA:2,1
DA:3,1
DA:4,1
DA:5,1
DA:6,1
DA:7,1
DA:8,1
DA:9,1
DA:10,1
DA:11,1
DA:12,1
DA:13,1
DA:14,1
DA:15,1
DA:16,1
DA:17,0
DA:18,0
DA:19,0
DA:20,0
DA:21,0
DA:22,0
DA:23,0
DA:24,0
DA:25,1
DA:26,1
DA:27,4
DA:28,4
DA:29,4
DA:30,4
DA:31,4
DA:32,4
DA:33,4
DA:34,2
DA:35,2
DA:36,2
DA:37,2
DA:38,4
DA:39,0
DA:40,0
DA:41,0
DA:42,0
DA:43,0
DA:44,0
DA:45,4
DA:46,4
DA:47,4
DA:48,4
DA:49,4
DA:50,4
DA:51,4
DA:52,4
DA:53,4
DA:54,4
DA:55,4
DA:56,4
LF:56
LH:42
BRDA:26,0,0,4
BRDA:33,1,0,2
BRDA:38,2,0,2
BRDA:30,3,0,1
BRF:4
BRH:4
end_of_record
TN:
SF:src\components\audit\TamperDetectionStatus.tsx
FN:13,TamperDetectionStatus
FN:17,refresh
FNF:2
FNH:2
FNDA:28,TamperDetectionStatus
FNDA:9,refresh
DA:1,1
DA:2,1
DA:3,1
DA:4,1
DA:5,1
DA:6,1
DA:7,1
DA:8,1
DA:9,1
DA:10,1
DA:11,1
DA:12,1
DA:13,1
DA:14,28
DA:15,28
DA:16,28
DA:17,28
DA:18,9
DA:19,9
DA:20,9
DA:21,9
DA:22,9
DA:23,28
DA:24,28
DA:25,9
DA:26,9
DA:27,9
DA:28,28
DA:29,28
DA:30,28
DA:31,28
DA:32,15
DA:33,28
DA:34,13
DA:35,13
DA:36,13
DA:37,13
DA:38,13
DA:39,13
DA:40,13
DA:41,13
DA:42,13
DA:43,2
DA:44,28
DA:45,1
DA:46,1
DA:47,1
DA:48,1
DA:49,1
DA:50,1
DA:51,1
DA:52,1
DA:53,1
DA:54,1
DA:55,1
DA:56,1
DA:57,1
DA:58,1
DA:59,1
DA:60,1
DA:61,1
DA:62,1
DA:63,1
DA:64,1
DA:65,1
DA:66,1
DA:67,1
DA:68,1
DA:69,1
DA:70,1
DA:71,1
DA:72,1
DA:73,1
DA:74,1
DA:75,1
LF:75
LH:75
BRDA:13,0,0,28
BRDA:30,1,0,13
BRDA:30,2,0,15
BRDA:31,3,0,0
BRDA:31,4,0,15
BRDA:33,5,0,13
BRDA:42,6,0,2
BRDA:44,7,0,1
BRDA:17,8,0,9
BRDA:21,9,0,9
BRDA:24,10,0,9
BRDA:27,11,0,9
BRF:12
BRH:11
end_of_record
TN:
SF:src\components\chain\AlertsPanel.tsx
FN:23,formatTs
FN:32,AlertsPanel
FN:39,handleAcknowledge
FN:63,onClick
FN:76,onClick
FNF:5
FNH:4
FNDA:4,formatTs
FNDA:4,AlertsPanel
FNDA:1,handleAcknowledge
FNDA:1,onClick
FNDA:0,onClick
DA:1,1
DA:2,1
DA:3,1
DA:4,1
DA:5,1
DA:6,1
DA:7,1
DA:8,1
DA:9,1
DA:10,1
DA:11,1
DA:12,1
DA:13,1
DA:14,1
DA:15,1
DA:16,1
DA:17,1
DA:18,1
DA:19,1
DA:20,1
DA:21,1
DA:22,1
DA:23,4
DA:24,4
DA:25,4
DA:26,4
DA:27,4
DA:28,4
DA:29,4
DA:30,4
DA:31,1
DA:32,1
DA:33,4
DA:34,4
DA:35,4
DA:36,4
DA:37,4
DA:38,4
DA:39,4
DA:40,1
DA:41,1
DA:42,1
DA:43,1
DA:44,1
DA:45,1
DA:46,1
DA:47,1
DA:48,4
DA:49,4
DA:50,4
DA:51,4
DA:52,4
DA:53,4
DA:54,4
DA:55,4
DA:56,4
DA:57,4
DA:58,4
DA:59,4
DA:60,4
DA:61,4
DA:62,4
DA:63,4
DA:64,4
DA:65,4
DA:66,4
DA:67,4
DA:68,4
DA:69,4
DA:70,4
DA:71,4
DA:72,4
DA:73,4
DA:74,4
DA:75,0
DA:76,0
DA:77,0
DA:78,0
DA:79,0
DA:80,0
DA:81,0
DA:82,0
DA:83,0
DA:84,0
DA:85,0
DA:86,0
DA:87,0
DA:88,0
DA:89,0
DA:90,0
DA:91,0
DA:92,4
DA:93,4
DA:94,4
DA:95,4
LF:95
LH:78
BRDA:23,0,0,4
BRDA:32,1,0,4
BRDA:49,2,0,0
BRDA:74,3,0,0
BRDA:36,4,0,4
BRDA:37,5,0,4
BRDA:39,6,0,1
BRDA:53,7,0,4
BRDA:63,8,0,1
BRF:9
BRH:7
end_of_record
TN:
SF:src\components\chain\ChainEventsTable.tsx
FN:47,ExpandedRow
FN:64,ChainEventsTable
FN:78,toggleType
FN:96,onChange
FN:132,onClick
FN:161,onClick
FN:203,onPageChange
FNF:7
FNH:1
FNDA:0,ExpandedRow
FNDA:23,ChainEventsTable
FNDA:0,toggleType
FNDA:0,onChange
FNDA:0,onClick
FNDA:0,onClick
FNDA:0,onPageChange
DA:1,1
DA:2,1
DA:3,1
DA:4,1
DA:5,1
DA:6,1
DA:7,1
DA:8,1
DA:9,1
DA:10,1
DA:11,1
DA:12,1
DA:13,1
DA:14,1
DA:15,1
DA:16,1
DA:17,1
DA:18,1
DA:19,1
DA:20,1
DA:21,1
DA:22,1
DA:23,1
DA:24,1
DA:25,1
DA:26,1
DA:27,1
DA:28,1
DA:29,1
DA:30,1
DA:31,1
DA:32,1
DA:33,1
DA:34,1
DA:35,1
DA:36,1
DA:37,1
DA:38,1
DA:39,1
DA:40,1
DA:41,1
DA:42,1
DA:43,1
DA:44,1
DA:45,1
DA:46,1
DA:47,1
DA:48,0
DA:49,0
DA:50,0
DA:51,0
DA:52,0
DA:53,0
DA:54,0
DA:55,0
DA:56,0
DA:57,0
DA:58,0
DA:59,0
DA:60,0
DA:61,0
DA:62,1
DA:63,1
DA:64,1
DA:65,23
DA:66,23
DA:67,23
DA:68,23
DA:69,23
DA:70,23
DA:71,23
DA:72,23
DA:73,23
DA:74,23
DA:75,23
DA:76,23
DA:77,23
DA:78,23
DA:79,0
DA:80,0
DA:81,0
DA:82,0
DA:83,0
DA:84,0
DA:85,23
DA:86,23
DA:87,23
DA:88,23
DA:89,23
DA:90,115
DA:91,115
DA:92,115
DA:93,115
DA:94,115
DA:95,115
DA:96,115
DA:97,115
DA:98,115
DA:99,115
DA:100,115
DA:101,23
DA:102,23
DA:103,23
DA:104,23
DA:105,23
DA:106,23
DA:107,23
DA:108,23
DA:109,23
DA:110,23
DA:111,23
DA:112,23
DA:113,23
DA:114,23
DA:115,23
DA:116,23
DA:117,23
DA:118,12
DA:119,12
DA:120,12
DA:121,23
DA:122,23
DA:123,0
DA:124,0
DA:125,0
DA:126,23
DA:127,23
DA:128,14
DA:129,14
DA:130,14
DA:131,14
DA:132,14
DA:133,14
DA:134,14
DA:135,14
DA:136,14
DA:137,14
DA:138,14
DA:139,14
DA:140,0
DA:141,14
DA:142,14
DA:143,14
DA:144,14
DA:145,14
DA:146,14
DA:147,14
DA:148,14
DA:149,14
DA:150,14
DA:151,14
DA:152,14
DA:153,14
DA:154,14
DA:155,14
DA:156,14
DA:157,14
DA:158,14
DA:159,14
DA:160,14
DA:161,14
DA:162,14
DA:163,14
DA:164,14
DA:165,14
DA:166,14
DA:167,14
DA:168,14
DA:169,14
DA:170,14
DA:171,14
DA:172,14
DA:173,14
DA:174,14
DA:175,14
DA:176,14
DA:177,14
DA:178,14
DA:179,14
DA:180,14
DA:181,14
DA:182,14
DA:183,14
DA:184,14
DA:185,14
DA:186,14
DA:187,14
DA:188,14
DA:189,14
DA:190,14
DA:191,14
DA:192,14
DA:193,23
DA:194,23
DA:195,23
DA:196,23
DA:197,23
DA:198,23
DA:199,23
DA:200,23
DA:201,23
DA:202,23
DA:203,23
DA:204,23
DA:205,23
DA:206,23
DA:207,23
LF:207
LH:183
BRDA:64,0,0,23
BRDA:69,1,0,0
BRDA:76,2,0,14
BRDA:76,3,0,9
BRDA:117,4,0,12
BRDA:122,5,0,11
BRDA:122,6,0,0
BRDA:199,7,0,14
BRDA:199,8,0,9
BRDA:73,9,0,9
BRDA:89,10,0,115
BRDA:127,11,0,14
BRDA:139,12,0,0
BRDA:151,13,0,0
BRF:14
BRH:10
end_of_record
TN:
SF:src\components\common\StatusChip.tsx
FN:9,StatusChip
FNF:1
FNH:1
FNDA:79,StatusChip
DA:1,1
DA:2,1
DA:3,1
DA:4,1
DA:5,1
DA:6,1
DA:7,1
DA:8,1
DA:9,1
DA:10,79
DA:11,79
DA:12,79
DA:13,79
DA:14,79
DA:15,79
DA:16,79
DA:17,79
DA:18,79
DA:19,79
DA:20,37
DA:21,37
DA:22,37
DA:23,37
DA:24,37
DA:25,37
DA:26,37
DA:27,37
DA:28,41
DA:29,79
DA:30,79
DA:31,79
DA:32,79
LF:32
LH:32
BRDA:9,0,0,79
BRDA:11,1,0,1
BRDA:19,2,0,37
BRDA:27,3,0,41
BRF:4
BRH:4
end_of_record
TN:
SF:src\components\credentials\IssueCredentialWizard.tsx
FN:34,IssueCredentialWizard
FN:43,handleNext
FN:44,handleBack
FN:46,handleSubmit
FN:64,toggleScope
FN:69,reset
FN:80,onClose
FN:95,onChange
FN:106,onChange
FN:131,onChange
FN:139,onChange
FN:164,onClick
FNF:12
FNH:1
FNDA:26,IssueCredentialWizard
FNDA:0,handleNext
FNDA:0,handleBack
FNDA:0,handleSubmit
FNDA:0,toggleScope
FNDA:0,reset
FNDA:0,onClose
FNDA:0,onChange
FNDA:0,onChange
FNDA:0,onChange
FNDA:0,onChange
FNDA:0,onClick
DA:1,1
DA:2,1
DA:3,1
DA:4,1
DA:5,1
DA:6,1
DA:7,1
DA:8,1
DA:9,1
DA:10,1
DA:11,1
DA:12,1
DA:13,1
DA:14,1
DA:15,1
DA:16,1
DA:17,1
DA:18,1
DA:19,1
DA:20,1
DA:21,1
DA:22,1
DA:23,1
DA:24,1
DA:25,1
DA:26,1
DA:27,1
DA:28,1
DA:29,1
DA:30,1
DA:31,1
DA:32,1
DA:33,1
DA:34,1
DA:35,26
DA:36,26
DA:37,26
DA:38,26
DA:39,26
DA:40,26
DA:41,26
DA:42,26
DA:43,26
DA:44,26
DA:45,26
DA:46,26
DA:47,0
DA:48,0
DA:49,0
DA:50,0
DA:51,0
DA:52,0
DA:53,0
DA:54,0
DA:55,0
DA:56,0
DA:57,0
DA:58,0
DA:59,0
DA:60,0
DA:61,0
DA:62,0
DA:63,26
DA:64,26
DA:65,0
DA:66,0
DA:67,0
DA:68,26
DA:69,26
DA:70,0
DA:71,0
DA:72,0
DA:73,0
DA:74,0
DA:75,0
DA:76,0
DA:77,0
DA:78,26
DA:79,26
DA:80,26
DA:81,26
DA:82,26
DA:83,26
DA:84,26
DA:85,104
DA:86,26
DA:87,26
DA:88,26
DA:89,26
DA:90,26
DA:91,26
DA:92,26
DA:93,26
DA:94,26
DA:95,26
DA:96,26
DA:97,26
DA:98,26
DA:99,26
DA:100,26
DA:101,26
DA:102,26
DA:103,0
DA:104,0
DA:105,0
DA:106,0
DA:107,0
DA:108,0
DA:109,0
DA:110,0
DA:111,26
DA:112,26
DA:113,26
DA:114,0
DA:115,0
DA:116,0
DA:117,0
DA:118,0
DA:119,0
DA:120,0
DA:121,0
DA:122,0
DA:123,0
DA:124,0
DA:125,0
DA:126,0
DA:127,0
DA:128,0
DA:129,0
DA:130,0
DA:131,0
DA:132,0
DA:133,0
DA:134,0
DA:135,0
DA:136,0
DA:137,0
DA:138,0
DA:139,0
DA:140,0
DA:141,0
DA:142,0
DA:143,0
DA:144,0
DA:145,0
DA:146,0
DA:147,26
DA:148,26
DA:149,26
DA:150,0
DA:151,0
DA:152,0
DA:153,0
DA:154,0
DA:155,0
DA:156,0
DA:157,0
DA:158,0
DA:159,0
DA:160,0
DA:161,26
DA:162,26
DA:163,26
DA:164,26
DA:165,26
DA:166,26
DA:167,26
DA:168,26
DA:169,26
DA:170,26
DA:171,26
DA:172,0
DA:173,26
DA:174,26
DA:175,26
DA:176,26
DA:177,26
DA:178,26
DA:179,0
DA:180,0
DA:181,0
DA:182,26
DA:183,26
DA:184,26
DA:185,26
DA:186,26
LF:186
LH:103
BRDA:34,0,0,26
BRDA:89,1,0,0
BRDA:102,2,0,0
BRDA:113,3,0,0
BRDA:149,4,0,0
BRDA:165,5,0,0
BRDA:171,6,0,0
BRDA:178,7,0,0
BRDA:84,8,0,104
BRF:9
BRH:2
end_of_record
TN:
SF:src\components\credentials\RevokeCredentialDialog.tsx
FN:26,RevokeCredentialDialog
FN:41,reset
FN:49,handleNext
FN:58,handleRevoke
FN:79,onClose
FN:89,onChange
FN:102,onChange
FN:129,onChange
FN:138,onClick
FNF:9
FNH:1
FNDA:1,RevokeCredentialDialog
FNDA:0,reset
FNDA:0,handleNext
FNDA:0,handleRevoke
FNDA:0,onClose
FNDA:0,onChange
FNDA:0,onChange
FNDA:0,onChange
FNDA:0,onClick
DA:1,1
DA:2,1
DA:3,1
DA:4,1
DA:5,1
DA:6,1
DA:7,1
DA:8,1
DA:9,1
DA:10,1
DA:11,1
DA:12,1
DA:13,1
DA:14,1
DA:15,1
DA:16,1
DA:17,1
DA:18,1
DA:19,1
DA:20,1
DA:21,1
DA:22,1
DA:23,1
DA:24,1
DA:25,1
DA:26,1
DA:27,1
DA:28,1
DA:29,1
DA:30,1
DA:31,1
DA:32,1
DA:33,1
DA:34,1
DA:35,1
DA:36,1
DA:37,1
DA:38,1
DA:39,1
DA:40,1
DA:41,1
DA:42,0
DA:43,0
DA:44,0
DA:45,0
DA:46,0
DA:47,0
DA:48,1
DA:49,1
DA:50,0
DA:51,0
DA:52,0
DA:53,0
DA:54,0
DA:55,0
DA:56,0
DA:57,1
DA:58,1
DA:59,0
DA:60,0
DA:61,0
DA:62,0
DA:63,0
DA:64,0
DA:65,0
DA:66,0
DA:67,0
DA:68,0
DA:69,0
DA:70,0
DA:71,0
DA:72,0
DA:73,0
DA:74,0
DA:75,0
DA:76,0
DA:77,1
DA:78,1
DA:79,1
DA:80,1
DA:81,1
DA:82,1
DA:83,1
DA:84,1
DA:85,1
DA:86,1
DA:87,1
DA:88,1
DA:89,1
DA:90,1
DA:91,1
DA:92,1
DA:93,1
DA:94,1
DA:95,1
DA:96,1
DA:97,0
DA:98,0
DA:99,0
DA:100,0
DA:101,0
DA:102,0
DA:103,0
DA:104,0
DA:105,0
DA:106,0
DA:107,0
DA:108,0
DA:109,0
DA:110,1
DA:111,1
DA:112,1
DA:113,1
DA:114,1
DA:115,0
DA:116,0
DA:117,0
DA:118,0
DA:119,0
DA:120,0
DA:121,0
DA:122,0
DA:123,0
DA:124,0
DA:125,0
DA:126,0
DA:127,0
DA:128,0
DA:129,0
DA:130,0
DA:131,0
DA:132,0
DA:133,0
DA:134,0
DA:135,1
DA:136,1
DA:137,1
DA:138,1
DA:139,1
DA:140,0
DA:141,0
DA:142,0
DA:143,1
DA:144,1
DA:145,1
DA:146,1
DA:147,1
DA:148,1
DA:149,1
DA:150,1
DA:151,1
DA:152,1
LF:152
LH:85
BRDA:26,0,0,1
BRDA:39,1,0,0
BRDA:82,2,0,0
BRDA:84,3,0,0
BRDA:94,4,0,0
BRDA:96,5,0,0
BRDA:114,6,0,0
BRDA:114,7,0,0
BRDA:139,8,0,0
BRDA:139,9,0,0
BRDA:144,10,0,0
BRF:11
BRH:1
end_of_record
TN:
SF:src\components\enrollment\ApprovalList.tsx
FN:1,(empty-report)
FNF:1
FNH:0
FNDA:0,(empty-report)
DA:1,0
DA:2,0
DA:3,0
DA:4,0
DA:5,0
DA:6,0
DA:7,0
DA:8,0
DA:9,0
DA:10,0
DA:11,0
DA:12,0
DA:13,0
DA:14,0
DA:15,0
DA:16,0
DA:17,0
DA:18,0
DA:19,0
DA:20,0
DA:21,0
DA:22,0
DA:23,0
DA:24,0
DA:25,0
DA:26,0
DA:27,0
DA:28,0
DA:29,0
DA:30,0
DA:31,0
DA:32,0
DA:33,0
DA:34,0
DA:35,0
DA:36,0
DA:37,0
DA:38,0
DA:39,0
DA:40,0
DA:41,0
DA:42,0
DA:43,0
DA:44,0
DA:45,0
DA:46,0
DA:47,0
DA:48,0
DA:49,0
DA:50,0
DA:51,0
DA:52,0
DA:53,0
DA:54,0
DA:55,0
DA:56,0
DA:57,0
DA:58,0
DA:59,0
DA:60,0
DA:61,0
DA:62,0
DA:63,0
DA:64,0
DA:65,0
DA:66,0
DA:67,0
DA:68,0
DA:69,0
DA:70,0
DA:71,0
DA:72,0
DA:73,0
DA:74,0
DA:75,0
DA:76,0
DA:77,0
DA:78,0
DA:79,0
DA:80,0
DA:81,0
DA:82,0
DA:83,0
DA:84,0
DA:85,0
DA:86,0
DA:87,0
DA:88,0
DA:89,0
DA:90,0
DA:91,0
DA:92,0
DA:93,0
DA:94,0
DA:95,0
DA:96,0
DA:97,0
DA:98,0
DA:99,0
DA:100,0
DA:101,0
DA:102,0
DA:103,0
DA:104,0
DA:105,0
DA:106,0
DA:107,0
DA:108,0
DA:109,0
DA:110,0
DA:111,0
DA:112,0
DA:113,0
DA:114,0
DA:115,0
DA:116,0
DA:117,0
DA:118,0
DA:119,0
DA:120,0
DA:121,0
DA:122,0
DA:123,0
DA:124,0
DA:125,0
DA:126,0
DA:127,0
DA:128,0
DA:129,0
DA:130,0
DA:131,0
DA:132,0
DA:133,0
DA:134,0
DA:135,0
DA:136,0
DA:137,0
DA:138,0
DA:139,0
DA:140,0
DA:141,0
DA:142,0
DA:143,0
DA:144,0
DA:145,0
DA:146,0
DA:147,0
DA:148,0
DA:149,0
DA:150,0
DA:151,0
DA:152,0
DA:153,0
DA:154,0
DA:155,0
DA:156,0
DA:157,0
DA:158,0
DA:159,0
DA:160,0
DA:161,0
DA:162,0
DA:163,0
DA:164,0
DA:165,0
LF:165
LH:0
BRDA:1,0,0,0
BRF:1
BRH:0
end_of_record
TN:
SF:src\components\enrollment\CreateEnrollmentForm.tsx
FN:25,CreateEnrollmentForm
FN:34,handleCreate
FN:44,handleCopy
FN:52,handleDone
FN:69,onChange
FN:76,onChange
FN:84,onChange
FN:93,onChange
FNF:8
FNH:1
FNDA:23,CreateEnrollmentForm
FNDA:0,handleCreate
FNDA:0,handleCopy
FNDA:0,handleDone
FNDA:0,onChange
FNDA:0,onChange
FNDA:0,onChange
FNDA:0,onChange
DA:1,1
DA:2,1
DA:3,1
DA:4,1
DA:5,1
DA:6,1
DA:7,1
DA:8,1
DA:9,1
DA:10,1
DA:11,1
DA:12,1
DA:13,1
DA:14,1
DA:15,1
DA:16,1
DA:17,1
DA:18,1
DA:19,1
DA:20,1
DA:21,1
DA:22,1
DA:23,1
DA:24,1
DA:25,1
DA:26,23
DA:27,23
DA:28,23
DA:29,23
DA:30,23
DA:31,23
DA:32,23
DA:33,23
DA:34,23
DA:35,0
DA:36,0
DA:37,0
DA:38,0
DA:39,0
DA:40,0
DA:41,0
DA:42,0
DA:43,23
DA:44,23
DA:45,0
DA:46,0
DA:47,0
DA:48,0
DA:49,0
DA:50,0
DA:51,23
DA:52,23
DA:53,0
DA:54,0
DA:55,0
DA:56,0
DA:57,0
DA:58,23
DA:59,23
DA:60,23
DA:61,23
DA:62,23
DA:63,23
DA:64,23
DA:65,23
DA:66,23
DA:67,23
DA:68,23
DA:69,23
DA:70,23
DA:71,23
DA:72,23
DA:73,23
DA:74,23
DA:75,23
DA:76,23
DA:77,23
DA:78,23
DA:79,23
DA:80,23
DA:81,23
DA:82,23
DA:83,23
DA:84,23
DA:85,23
DA:86,23
DA:87,23
DA:88,23
DA:89,23
DA:90,23
DA:91,23
DA:92,23
DA:93,23
DA:94,23
DA:95,23
DA:96,23
DA:97,0
DA:98,0
DA:99,0
DA:100,0
DA:101,0
DA:102,0
DA:103,0
DA:104,0
DA:105,0
DA:106,0
DA:107,0
DA:108,0
DA:109,0
DA:110,0
DA:111,0
DA:112,0
DA:113,0
DA:114,0
DA:115,0
DA:116,0
DA:117,0
DA:118,0
DA:119,0
DA:120,0
DA:121,0
DA:122,0
DA:123,23
DA:124,23
DA:125,23
DA:126,23
DA:127,23
DA:128,23
DA:129,23
DA:130,23
DA:131,23
DA:132,23
DA:133,0
DA:134,0
DA:135,0
DA:136,0
DA:137,23
DA:138,23
DA:139,23
DA:140,23
DA:141,23
LF:141
LH:92
BRDA:25,0,0,23
BRDA:65,1,0,0
BRDA:96,2,0,0
BRDA:132,3,0,0
BRF:4
BRH:1
end_of_record
TN:
SF:src\components\hooks\useQuery.ts
FN:11,useQuery
FNF:1
FNH:1
FNDA:152,useQuery
DA:1,1
DA:2,1
DA:3,1
DA:4,1
DA:5,1
DA:6,1
DA:7,1
DA:8,1
DA:9,1
DA:10,1
DA:11,1
DA:12,152
DA:13,152
DA:14,152
DA:15,152
DA:16,152
DA:17,152
DA:18,152
DA:19,152
DA:20,152
DA:21,152
DA:22,152
DA:23,48
DA:24,48
DA:25,48
DA:26,48
DA:27,48
DA:28,43
DA:29,43
DA:30,43
DA:31,48
DA:32,48
DA:33,0
DA:34,48
DA:35,48
DA:36,48
DA:37,48
DA:38,48
DA:39,48
DA:40,48
DA:41,48
DA:42,152
DA:43,152
DA:44,152
DA:45,152
LF:45
LH:44
BRDA:11,0,0,152
BRDA:20,1,0,1
BRDA:20,2,0,1
BRDA:22,3,0,48
BRDA:26,4,0,48
BRDA:27,5,0,43
BRDA:35,6,0,48
BRDA:36,7,0,43
BRDA:38,8,0,48
BRF:9
BRH:9
end_of_record
TN:
SF:src\pages\AuditPage.tsx
FN:26,actionColor
FN:41,AuditPage
FN:96,handleLoadMore
FN:100,handleExport
FN:141,onClose
FNF:5
FNH:4
FNDA:50,actionColor
FNDA:33,AuditPage
FNDA:1,handleLoadMore
FNDA:1,handleExport
FNDA:0,onClose
DA:1,1
DA:2,1
DA:3,1
DA:4,1
DA:5,1
DA:6,1
DA:7,1
DA:8,1
DA:9,1
DA:10,1
DA:11,1
DA:12,1
DA:13,1
DA:14,1
DA:15,1
DA:16,1
DA:17,1
DA:18,1
DA:19,1
DA:20,1
DA:21,1
DA:22,1
DA:23,1
DA:24,1
DA:25,1
DA:26,50
DA:27,50
DA:28,50
DA:29,25
DA:30,0
DA:31,0
DA:32,1
DA:33,1
DA:34,1
DA:35,1
DA:36,1
DA:37,1
DA:38,1
DA:39,1
DA:40,1
DA:41,1
DA:42,33
DA:43,33
DA:44,33
DA:45,33
DA:46,33
DA:47,33
DA:48,33
DA:49,33
DA:50,33
DA:51,33
DA:52,33
DA:53,33
DA:54,33
DA:55,10
DA:56,10
DA:57,10
DA:58,10
DA:59,10
DA:60,10
DA:61,10
DA:62,10
DA:63,10
DA:64,10
DA:65,10
DA:66,10
DA:67,10
DA:68,10
DA:69,9
DA:70,9
DA:71,10
DA:72,1
DA:73,1
DA:74,10
DA:75,10
DA:76,10
DA:77,10
DA:78,10
DA:79,10
DA:80,10
DA:81,33
DA:82,33
DA:83,33
DA:84,33
DA:85,33
DA:86,33
DA:87,33
DA:88,33
DA:89,33
DA:90,33
DA:91,0
DA:92,0
DA:93,0
DA:94,33
DA:95,33
DA:96,33
DA:97,1
DA:98,1
DA:99,33
DA:100,33
DA:101,1
DA:102,1
DA:103,1
DA:104,1
DA:105,1
DA:106,1
DA:107,1
DA:108,1
DA:109,1
DA:110,1
DA:111,1
DA:112,1
DA:113,1
DA:114,1
DA:115,1
DA:116,1
DA:117,1
DA:118,1
DA:119,33
DA:120,33
DA:121,33
DA:122,33
DA:123,33
DA:124,33
DA:125,33
DA:126,33
DA:127,33
DA:128,33
DA:129,33
DA:130,33
DA:131,33
DA:132,33
DA:133,33
DA:134,33
DA:135,33
DA:136,33
DA:137,33
DA:138,33
DA:139,33
DA:140,33
DA:141,0
DA:142,0
DA:143,0
DA:144,0
DA:145,33
DA:146,33
DA:147,33
DA:148,33
DA:149,33
DA:150,33
DA:151,33
DA:152,23
DA:153,23
DA:154,23
DA:155,33
DA:156,33
DA:157,33
DA:158,33
DA:159,33
DA:160,33
DA:161,33
DA:162,33
DA:163,33
DA:164,33
DA:165,33
DA:166,33
DA:167,33
DA:168,33
DA:169,33
DA:170,9
DA:171,9
DA:172,9
DA:173,9
DA:174,9
DA:175,33
DA:176,33
DA:177,0
DA:178,0
DA:179,0
DA:180,0
DA:181,0
DA:182,33
DA:183,33
DA:184,50
DA:185,50
DA:186,50
DA:187,50
DA:188,50
DA:189,50
DA:190,50
DA:191,50
DA:192,50
DA:193,50
DA:194,50
DA:195,50
DA:196,50
DA:197,33
DA:198,33
DA:199,33
DA:200,33
DA:201,33
DA:202,33
DA:203,4
DA:204,4
DA:205,4
DA:206,4
DA:207,4
DA:208,33
DA:209,33
DA:210,33
DA:211,33
LF:211
LH:197
BRDA:26,0,0,50
BRDA:27,1,0,25
BRDA:28,2,0,0
BRDA:28,3,0,25
BRDA:29,4,0,0
BRDA:41,5,0,33
BRDA:131,6,0,1
BRDA:131,7,0,31
BRDA:135,8,0,1
BRDA:135,9,0,31
BRDA:140,10,0,0
BRDA:151,11,0,23
BRDA:169,12,0,15
BRDA:169,13,0,9
BRDA:176,14,0,17
BRDA:176,15,0,0
BRDA:202,16,0,4
BRDA:54,17,0,10
BRDA:59,18,0,0
BRDA:66,19,0,10
BRDA:67,20,0,0
BRDA:68,21,0,9
BRDA:71,22,0,1
BRDA:72,23,0,1
BRDA:77,24,0,10
BRDA:96,25,0,1
BRDA:100,26,0,1
BRDA:101,27,0,0
BRDA:108,28,0,0
BRDA:183,29,0,50
BRDA:195,30,0,0
BRF:31
BRH:22
end_of_record
TN:
SF:src\pages\AuthCallbackPage.tsx
FN:1,(empty-report)
FNF:1
FNH:0
FNDA:0,(empty-report)
DA:1,0
DA:2,0
DA:3,0
DA:4,0
DA:5,0
DA:6,0
DA:7,0
DA:8,0
DA:9,0
DA:10,0
DA:11,0
DA:12,0
DA:13,0
DA:14,0
DA:15,0
DA:16,0
DA:17,0
DA:18,0
DA:19,0
DA:20,0
DA:21,0
DA:22,0
DA:23,0
DA:24,0
DA:25,0
DA:26,0
DA:27,0
DA:28,0
DA:29,0
DA:30,0
DA:31,0
LF:31
LH:0
BRDA:1,0,0,0
BRF:1
BRH:0
end_of_record
TN:
SF:src\pages\ChainPage.tsx
FN:21,RpcStatusChip
FN:26,IndexerLagChip
FN:35,ContractCard
FN:37,handleCopy
FN:72,ChainPage
FNF:5
FNH:4
FNDA:9,RpcStatusChip
FNDA:9,IndexerLagChip
FNDA:36,ContractCard
FNDA:0,handleCopy
FNDA:21,ChainPage
DA:1,1
DA:2,1
DA:3,1
DA:4,1
DA:5,1
DA:6,1
DA:7,1
DA:8,1
DA:9,1
DA:10,1
DA:11,1
DA:12,1
DA:13,1
DA:14,1
DA:15,1
DA:16,1
DA:17,1
DA:18,1
DA:19,1
DA:20,1
DA:21,1
DA:22,9
DA:23,9
DA:24,9
DA:25,1
DA:26,1
DA:27,9
DA:28,9
DA:29,9
DA:30,1
DA:31,1
DA:32,1
DA:33,1
DA:34,1
DA:35,1
DA:36,36
DA:37,36
DA:38,0
DA:39,0
DA:40,0
DA:41,0
DA:42,0
DA:43,36
DA:44,36
DA:45,36
DA:46,36
DA:47,36
DA:48,36
DA:49,36
DA:50,36
DA:51,36
DA:52,36
DA:53,36
DA:54,36
DA:55,36
DA:56,36
DA:57,36
DA:58,36
DA:59,36
DA:60,36
DA:61,36
DA:62,36
DA:63,36
DA:64,36
DA:65,36
DA:66,36
DA:67,36
DA:68,36
DA:69,36
DA:70,36
DA:71,1
DA:72,1
DA:73,21
DA:74,21
DA:75,21
DA:76,21
DA:77,21
DA:78,11
DA:79,11
DA:80,11
DA:81,11
DA:82,11
DA:83,11
DA:84,11
DA:85,21
DA:86,21
DA:87,21
DA:88,9
DA:89,9
DA:90,9
DA:91,21
DA:92,21
DA:93,21
DA:94,12
DA:95,12
DA:96,12
DA:97,12
DA:98,12
DA:99,12
DA:100,9
DA:101,9
DA:102,9
DA:103,9
DA:104,9
DA:105,9
DA:106,9
DA:107,9
DA:108,2
DA:109,2
DA:110,2
DA:111,21
DA:112,21
DA:113,21
DA:114,9
DA:115,9
DA:116,9
DA:117,9
DA:118,9
DA:119,9
DA:120,9
DA:121,9
DA:122,9
DA:123,9
DA:124,9
DA:125,9
DA:126,9
DA:127,9
DA:128,9
DA:129,9
DA:130,9
DA:131,9
DA:132,9
DA:133,9
DA:134,9
DA:135,9
DA:136,9
DA:137,9
DA:138,9
DA:139,9
DA:140,9
DA:141,9
DA:142,9
DA:143,9
DA:144,9
DA:145,9
DA:146,9
DA:147,9
DA:148,9
DA:149,9
DA:150,9
DA:151,9
DA:152,9
DA:153,9
DA:154,9
DA:155,9
DA:156,9
DA:157,9
DA:158,9
DA:159,9
DA:160,9
DA:161,9
DA:162,9
DA:163,9
DA:164,9
DA:165,9
DA:166,9
DA:167,9
DA:168,9
DA:169,36
DA:170,36
DA:171,36
DA:172,36
DA:173,36
DA:174,36
DA:175,9
DA:176,9
DA:177,21
DA:178,21
DA:179,21
DA:180,21
DA:181,21
DA:182,21
DA:183,21
DA:184,21
DA:185,21
LF:185
LH:180
BRDA:21,0,0,9
BRDA:26,1,0,9
BRDA:27,2,0,7
BRDA:27,3,0,2
BRDA:27,4,0,1
BRDA:27,5,0,1
BRDA:35,6,0,36
BRDA:53,7,0,0
BRDA:72,8,0,21
BRDA:93,9,0,12
BRDA:99,10,0,9
BRDA:107,11,0,2
BRDA:113,12,0,9
BRDA:77,13,0,11
BRDA:79,14,0,11
BRDA:84,15,0,11
BRDA:87,16,0,9
BRDA:90,17,0,9
BRDA:168,18,0,36
BRDA:171,19,0,81
BRF:20
BRH:19
end_of_record
TN:
SF:src\pages\CredentialsPage.tsx
FN:33,formatDate
FN:41,relativeDate
FN:57,ExpandedRow
FN:97,onClick
FN:106,CredentialsPage
FN:146,onChange
FN:156,onClick
FN:194,onClick
FN:240,onPageChange
FN:246,onClose
FN:258,onClose
FN:268,onClose
FNF:12
FNH:7
FNDA:44,formatDate
FNDA:44,relativeDate
FNDA:4,ExpandedRow
FNDA:1,onClick
FNDA:31,CredentialsPage
FNDA:0,onChange
FNDA:1,onClick
FNDA:3,onClick
FNDA:0,onPageChange
FNDA:0,onClose
FNDA:0,onClose
FNDA:0,onClose
DA:1,1
DA:2,1
DA:3,1
DA:4,1
DA:5,1
DA:6,1
DA:7,1
DA:8,1
DA:9,1
DA:10,1
DA:11,1
DA:12,1
DA:13,1
DA:14,1
DA:15,1
DA:16,1
DA:17,1
DA:18,1
DA:19,1
DA:20,1
DA:21,1
DA:22,1
DA:23,1
DA:24,1
DA:25,1
DA:26,1
DA:27,1
DA:28,1
DA:29,1
DA:30,1
DA:31,1
DA:32,1
DA:33,44
DA:34,44
DA:35,44
DA:36,44
DA:37,44
DA:38,44
DA:39,44
DA:40,1
DA:41,44
DA:42,44
DA:43,44
DA:44,44
DA:45,22
DA:46,22
DA:47,1
DA:48,1
DA:49,1
DA:50,1
DA:51,1
DA:52,1
DA:53,1
DA:54,1
DA:55,1
DA:56,1
DA:57,1
DA:58,4
DA:59,4
DA:60,4
DA:61,4
DA:62,4
DA:63,4
DA:64,4
DA:65,4
DA:66,4
DA:67,4
DA:68,4
DA:69,4
DA:70,4
DA:71,4
DA:72,4
DA:73,4
DA:74,4
DA:75,4
DA:76,4
DA:77,4
DA:78,4
DA:79,4
DA:80,4
DA:81,4
DA:82,4
DA:83,4
DA:84,4
DA:85,8
DA:86,4
DA:87,4
DA:88,4
DA:89,4
DA:90,4
DA:91,4
DA:92,4
DA:93,4
DA:94,4
DA:95,4
DA:96,4
DA:97,4
DA:98,4
DA:99,4
DA:100,4
DA:101,4
DA:102,4
DA:103,4
DA:104,4
DA:105,1
DA:106,1
DA:107,31
DA:108,31
DA:109,31
DA:110,31
DA:111,31
DA:112,31
DA:113,31
DA:114,31
DA:115,31
DA:116,31
DA:117,31
DA:118,31
DA:119,31
DA:120,31
DA:121,31
DA:122,31
DA:123,31
DA:124,31
DA:125,31
DA:126,31
DA:127,31
DA:128,31
DA:129,31
DA:130,31
DA:131,31
DA:132,31
DA:133,31
DA:134,31
DA:135,31
DA:136,31
DA:137,31
DA:138,31
DA:139,31
DA:140,31
DA:141,31
DA:142,31
DA:143,31
DA:144,93
DA:145,93
DA:146,93
DA:147,93
DA:148,93
DA:149,93
DA:150,93
DA:151,31
DA:152,31
DA:153,31
DA:154,31
DA:155,31
DA:156,31
DA:157,31
DA:158,31
DA:159,31
DA:160,31
DA:161,31
DA:162,31
DA:163,31
DA:164,31
DA:165,31
DA:166,31
DA:167,31
DA:168,31
DA:169,31
DA:170,31
DA:171,31
DA:172,31
DA:173,31
DA:174,31
DA:175,31
DA:176,31
DA:177,31
DA:178,31
DA:179,13
DA:180,13
DA:181,13
DA:182,31
DA:183,31
DA:184,1
DA:185,1
DA:186,1
DA:187,31
DA:188,31
DA:189,44
DA:190,44
DA:191,44
DA:192,44
DA:193,44
DA:194,44
DA:195,44
DA:196,44
DA:197,44
DA:198,44
DA:199,44
DA:200,44
DA:201,44
DA:202,44
DA:203,44
DA:204,44
DA:205,44
DA:206,44
DA:207,44
DA:208,44
DA:209,44
DA:210,44
DA:211,44
DA:212,44
DA:213,44
DA:214,44
DA:215,44
DA:216,44
DA:217,44
DA:218,44
DA:219,44
DA:220,44
DA:221,44
DA:222,44
DA:223,44
DA:224,44
DA:225,44
DA:226,44
DA:227,44
DA:228,44
DA:229,44
DA:230,31
DA:231,31
DA:232,31
DA:233,31
DA:234,31
DA:235,31
DA:236,31
DA:237,31
DA:238,31
DA:239,31
DA:240,31
DA:241,31
DA:242,31
DA:243,31
DA:244,31
DA:245,31
DA:246,31
DA:247,0
DA:248,0
DA:249,0
DA:250,31
DA:251,31
DA:252,31
DA:253,1
DA:254,1
DA:255,1
DA:256,1
DA:257,1
DA:258,1
DA:259,0
DA:260,0
DA:261,0
DA:262,1
DA:263,31
DA:264,31
DA:265,31
DA:266,31
DA:267,31
DA:268,31
DA:269,31
DA:270,31
DA:271,31
DA:272,31
DA:273,31
LF:273
LH:267
BRDA:33,0,0,44
BRDA:41,1,0,44
BRDA:44,2,0,22
BRDA:57,3,0,4
BRDA:84,4,0,0
BRDA:84,5,0,8
BRDA:97,6,0,1
BRDA:106,7,0,31
BRDA:130,8,0,8
BRDA:178,9,0,13
BRDA:183,10,0,18
BRDA:183,11,0,1
BRDA:252,12,0,1
BRDA:127,13,0,8
BRDA:143,14,0,93
BRDA:148,15,0,279
BRDA:156,16,0,1
BRDA:188,17,0,44
BRDA:197,18,0,4
BRDA:197,19,0,40
BRDA:213,20,0,22
BRDA:194,21,0,3
BRDA:194,22,0,0
BRF:23
BRH:21
end_of_record
TN:
SF:src\pages\PlaceholderPages.tsx
FN:1,(empty-report)
FNF:1
FNH:0
FNDA:0,(empty-report)
DA:1,0
DA:2,0
DA:3,0
DA:4,0
DA:5,0
DA:6,0
DA:7,0
DA:8,0
DA:9,0
DA:10,0
DA:11,0
DA:12,0
DA:13,0
DA:14,0
DA:15,0
DA:16,0
DA:17,0
DA:18,0
DA:19,0
DA:20,0
LF:20
LH:0
BRDA:1,0,0,0
BRF:1
BRH:0
end_of_record
TN:
SF:src\pages\RevocationsPage.tsx
FN:22,formatDate
FN:33,RevokedCredentialsTab
FN:91,StatusListDetail
FN:133,StatusListsTab
FN:166,onClick
FN:185,onClose
FN:192,RevocationsPage
FN:198,onChange
FNF:8
FNH:7
FNDA:19,formatDate
FNDA:11,RevokedCredentialsTab
FNDA:1,StatusListDetail
FNDA:21,StatusListsTab
FNDA:1,onClick
FNDA:0,onClose
FNDA:13,RevocationsPage
FNDA:5,onChange
DA:1,1
DA:2,1
DA:3,1
DA:4,1
DA:5,1
DA:6,1
DA:7,1
DA:8,1
DA:9,1
DA:10,1
DA:11,1
DA:12,1
DA:13,1
DA:14,1
DA:15,1
DA:16,1
DA:17,1
DA:18,1
DA:19,1
DA:20,1
DA:21,1
DA:22,19
DA:23,19
DA:24,19
DA:25,19
DA:26,19
DA:27,19
DA:28,19
DA:29,19
DA:30,19
DA:31,1
DA:32,1
DA:33,1
DA:34,11
DA:35,11
DA:36,11
DA:37,11
DA:38,11
DA:39,11
DA:40,11
DA:41,11
DA:42,11
DA:43,11
DA:44,11
DA:45,11
DA:46,11
DA:47,11
DA:48,11
DA:49,11
DA:50,11
DA:51,11
DA:52,11
DA:53,11
DA:54,11
DA:55,11
DA:56,8
DA:57,11
DA:58,11
DA:59,1
DA:60,11
DA:61,11
DA:62,2
DA:63,2
DA:64,2
DA:65,2
DA:66,2
DA:67,2
DA:68,2
DA:69,2
DA:70,2
DA:71,2
DA:72,2
DA:73,2
DA:74,2
DA:75,2
DA:76,2
DA:77,2
DA:78,11
DA:79,11
DA:80,11
DA:81,11
DA:82,11
DA:83,11
DA:84,1
DA:85,1
DA:86,1
DA:87,1
DA:88,1
DA:89,1
DA:90,1
DA:91,1
DA:92,1
DA:93,1
DA:94,1
DA:95,0
DA:96,1
DA:97,1
DA:98,1
DA:99,1
DA:100,1
DA:101,1
DA:102,1
DA:103,1
DA:104,1
DA:105,1
DA:106,1
DA:107,1
DA:108,1
DA:109,1
DA:110,1
DA:111,1
DA:112,1
DA:113,1
DA:114,1
DA:115,1
DA:116,1
DA:117,1
DA:118,1
DA:119,1
DA:120,1
DA:121,1
DA:122,1
DA:123,1
DA:124,1
DA:125,1
DA:126,1
DA:127,1
DA:128,1
DA:129,1
DA:130,1
DA:131,1
DA:132,1
DA:133,1
DA:134,21
DA:135,21
DA:136,21
DA:137,21
DA:138,21
DA:139,21
DA:140,21
DA:141,21
DA:142,21
DA:143,21
DA:144,21
DA:145,21
DA:146,21
DA:147,21
DA:148,21
DA:149,21
DA:150,21
DA:151,21
DA:152,21
DA:153,21
DA:154,21
DA:155,21
DA:156,10
DA:157,21
DA:158,21
DA:159,0
DA:160,21
DA:161,21
DA:162,16
DA:163,16
DA:164,16
DA:165,16
DA:166,16
DA:167,16
DA:168,16
DA:169,16
DA:170,16
DA:171,16
DA:172,16
DA:173,16
DA:174,16
DA:175,16
DA:176,16
DA:177,16
DA:178,16
DA:179,16
DA:180,21
DA:181,21
DA:182,21
DA:183,21
DA:184,21
DA:185,1
DA:186,21
DA:187,21
DA:188,21
DA:189,21
DA:190,1
DA:191,1
DA:192,1
DA:193,13
DA:194,13
DA:195,13
DA:196,13
DA:197,13
DA:198,13
DA:199,13
DA:200,13
DA:201,13
DA:202,13
DA:203,13
DA:204,13
DA:205,13
DA:206,13
LF:206
LH:204
BRDA:22,0,0,19
BRDA:33,1,0,11
BRDA:39,2,0,8
BRDA:55,3,0,8
BRDA:58,4,0,3
BRDA:58,5,0,1
BRDA:36,6,0,8
BRDA:61,7,0,2
BRDA:75,8,0,0
BRDA:91,9,0,1
BRDA:94,10,0,0
BRDA:109,11,0,0
BRDA:113,12,0,0
BRDA:114,13,0,0
BRDA:133,14,0,21
BRDA:137,15,0,5
BRDA:155,16,0,10
BRDA:158,17,0,11
BRDA:158,18,0,0
BRDA:184,19,0,1
BRDA:161,20,0,16
BRDA:173,21,0,0
BRDA:175,22,0,0
BRDA:176,23,0,0
BRDA:166,24,0,1
BRDA:192,25,0,13
BRDA:202,26,0,8
BRDA:203,27,0,5
BRDA:198,28,0,5
BRF:29
BRH:20
end_of_record
TN:
SF:src\pages\SentinelsPage.tsx
FN:28,relativeTime
FN:37,SentinelsPage
FN:61,onClick
FN:69,onChange
FN:78,onChange
FN:86,onChange
FN:118,onClick
FN:151,onPageChange
FN:157,onClose
FN:184,onClose
FNF:10
FNH:4
FNDA:28,relativeTime
FNDA:29,SentinelsPage
FNDA:1,onClick
FNDA:0,onChange
FNDA:0,onChange
FNDA:0,onChange
FNDA:1,onClick
FNDA:0,onPageChange
FNDA:0,onClose
FNDA:0,onClose
DA:1,1
DA:2,1
DA:3,1
DA:4,1
DA:5,1
DA:6,1
DA:7,1
DA:8,1
DA:9,1
DA:10,1
DA:11,1
DA:12,1
DA:13,1
DA:14,1
DA:15,1
DA:16,1
DA:17,1
DA:18,1
DA:19,1
DA:20,1
DA:21,1
DA:22,1
DA:23,1
DA:24,1
DA:25,1
DA:26,1
DA:27,1
DA:28,28
DA:29,28
DA:30,28
DA:31,28
DA:32,14
DA:33,14
DA:34,0
DA:35,0
DA:36,1
DA:37,1
DA:38,29
DA:39,29
DA:40,29
DA:41,29
DA:42,29
DA:43,29
DA:44,29
DA:45,29
DA:46,29
DA:47,29
DA:48,8
DA:49,8
DA:50,8
DA:51,8
DA:52,8
DA:53,8
DA:54,8
DA:55,29
DA:56,29
DA:57,29
DA:58,29
DA:59,29
DA:60,29
DA:61,29
DA:62,29
DA:63,29
DA:64,29
DA:65,29
DA:66,29
DA:67,29
DA:68,29
DA:69,29
DA:70,29
DA:71,29
DA:72,29
DA:73,29
DA:74,29
DA:75,29
DA:76,29
DA:77,29
DA:78,29
DA:79,29
DA:80,29
DA:81,29
DA:82,29
DA:83,29
DA:84,29
DA:85,29
DA:86,29
DA:87,29
DA:88,29
DA:89,29
DA:90,29
DA:91,29
DA:92,29
DA:93,29
DA:94,29
DA:95,29
DA:96,29
DA:97,29
DA:98,29
DA:99,29
DA:100,15
DA:101,15
DA:102,15
DA:103,15
DA:104,15
DA:105,15
DA:106,15
DA:107,15
DA:108,15
DA:109,15
DA:110,15
DA:111,15
DA:112,15
DA:113,15
DA:114,28
DA:115,28
DA:116,28
DA:117,28
DA:118,28
DA:119,28
DA:120,28
DA:121,28
DA:122,28
DA:123,28
DA:124,28
DA:125,28
DA:126,28
DA:127,28
DA:128,28
DA:129,28
DA:130,28
DA:131,28
DA:132,28
DA:133,28
DA:134,28
DA:135,28
DA:136,28
DA:137,15
DA:138,15
DA:139,1
DA:140,1
DA:141,1
DA:142,15
DA:143,15
DA:144,15
DA:145,15
DA:146,15
DA:147,15
DA:148,15
DA:149,15
DA:150,15
DA:151,15
DA:152,15
DA:153,15
DA:154,29
DA:155,29
DA:156,29
DA:157,29
DA:158,29
DA:159,1
DA:160,1
DA:161,1
DA:162,1
DA:163,1
DA:164,1
DA:165,1
DA:166,1
DA:167,1
DA:168,1
DA:169,1
DA:170,1
DA:171,1
DA:172,1
DA:173,0
DA:174,1
DA:175,1
DA:176,1
DA:177,1
DA:178,1
DA:179,1
DA:180,1
DA:181,29
DA:182,29
DA:183,29
DA:184,29
DA:185,29
DA:186,29
DA:187,29
LF:187
LH:184
BRDA:28,0,0,28
BRDA:31,1,0,14
BRDA:33,2,0,0
BRDA:37,3,0,29
BRDA:96,4,0,13
BRDA:97,5,0,0
BRDA:99,6,0,15
BRDA:99,7,0,15
BRDA:113,8,0,0
BRDA:138,9,0,0
BRDA:138,10,0,1
BRDA:147,11,0,0
BRDA:158,12,0,1
BRDA:47,13,0,8
BRDA:61,14,0,1
BRDA:113,15,0,28
BRDA:126,16,0,14
BRDA:126,17,0,14
BRDA:118,18,0,1
BRDA:166,19,0,1
BRDA:172,20,0,0
BRF:21
BRH:15
end_of_record
TN:
SF:src\pages\ServicesPage.tsx
FN:30,relativeTime
FN:39,CreateServiceModal
FN:56,handleSubmit
FN:70,onClose
FN:78,onChange
FN:86,onChange
FN:95,onChange
FN:103,onChange
FN:110,onClick
FN:123,ServicesPage
FN:143,onClick
FN:151,onChange
FN:200,onPageChange
FN:207,onClose
FNF:14
FNH:9
FNDA:39,relativeTime
FNDA:29,CreateServiceModal
FNDA:1,handleSubmit
FNDA:0,onClose
FNDA:2,onChange
FNDA:0,onChange
FNDA:1,onChange
FNDA:0,onChange
FNDA:0,onClick
FNDA:34,ServicesPage
FNDA:3,onClick
FNDA:1,onChange
FNDA:0,onPageChange
FNDA:1,onClose
DA:1,1
DA:2,1
DA:3,1
DA:4,1
DA:5,1
DA:6,1
DA:7,1
DA:8,1
DA:9,1
DA:10,1
DA:11,1
DA:12,1
DA:13,1
DA:14,1
DA:15,1
DA:16,1
DA:17,1
DA:18,1
DA:19,1
DA:20,1
DA:21,1
DA:22,1
DA:23,1
DA:24,1
DA:25,1
DA:26,1
DA:27,1
DA:28,1
DA:29,1
DA:30,39
DA:31,39
DA:32,39
DA:33,39
DA:34,39
DA:35,39
DA:36,20
DA:37,20
DA:38,1
DA:39,1
DA:40,29
DA:41,29
DA:42,29
DA:43,29
DA:44,29
DA:45,29
DA:46,29
DA:47,29
DA:48,29
DA:49,29
DA:50,1
DA:51,28
DA:52,29
DA:53,0
DA:54,29
DA:55,29
DA:56,29
DA:57,1
DA:58,1
DA:59,1
DA:60,1
DA:61,1
DA:62,1
DA:63,1
DA:64,1
DA:65,0
DA:66,0
DA:67,1
DA:68,29
DA:69,29
DA:70,29
DA:71,29
DA:72,29
DA:73,29
DA:74,29
DA:75,29
DA:76,29
DA:77,29
DA:78,29
DA:79,29
DA:80,29
DA:81,29
DA:82,29
DA:83,29
DA:84,29
DA:85,29
DA:86,29
DA:87,29
DA:88,29
DA:89,29
DA:90,29
DA:91,29
DA:92,29
DA:93,29
DA:94,29
DA:95,29
DA:96,29
DA:97,29
DA:98,29
DA:99,29
DA:100,29
DA:101,29
DA:102,29
DA:103,29
DA:104,29
DA:105,29
DA:106,29
DA:107,29
DA:108,29
DA:109,29
DA:110,29
DA:111,29
DA:112,29
DA:113,29
DA:114,29
DA:115,29
DA:116,29
DA:117,29
DA:118,29
DA:119,29
DA:120,29
DA:121,29
DA:122,1
DA:123,1
DA:124,34
DA:125,34
DA:126,34
DA:127,34
DA:128,34
DA:129,34
DA:130,34
DA:131,34
DA:132,34
DA:133,34
DA:134,50
DA:135,2
DA:136,1
DA:137,34
DA:138,34
DA:139,34
DA:140,34
DA:141,34
DA:142,34
DA:143,34
DA:144,34
DA:145,34
DA:146,34
DA:147,34
DA:148,34
DA:149,34
DA:150,34
DA:151,34
DA:152,34
DA:153,34
DA:154,34
DA:155,34
DA:156,34
DA:157,34
DA:158,34
DA:159,34
DA:160,21
DA:161,21
DA:162,21
DA:163,21
DA:164,21
DA:165,21
DA:166,21
DA:167,21
DA:168,21
DA:169,21
DA:170,21
DA:171,21
DA:172,21
DA:173,39
DA:174,39
DA:175,39
DA:176,39
DA:177,39
DA:178,39
DA:179,39
DA:180,39
DA:181,39
DA:182,39
DA:183,39
DA:184,39
DA:185,39
DA:186,21
DA:187,21
DA:188,1
DA:189,1
DA:190,1
DA:191,21
DA:192,21
DA:193,21
DA:194,21
DA:195,21
DA:196,21
DA:197,21
DA:198,21
DA:199,21
DA:200,21
DA:201,21
DA:202,21
DA:203,34
DA:204,34
DA:205,34
DA:206,34
DA:207,34
DA:208,1
DA:209,1
DA:210,1
DA:211,34
DA:212,34
DA:213,34
DA:214,34
LF:214
LH:211
BRDA:30,0,0,39
BRDA:33,1,0,0
BRDA:35,2,0,19
BRDA:35,3,0,20
BRDA:39,4,0,29
BRDA:49,5,0,3
BRDA:49,6,0,1
BRDA:50,7,0,28
BRDA:52,8,0,1
BRDA:52,9,0,0
BRDA:74,10,0,0
BRDA:80,11,0,28
BRDA:114,12,0,3
BRDA:114,13,0,1
BRDA:114,14,0,1
BRDA:56,15,0,1
BRDA:64,16,0,0
BRDA:78,17,0,2
BRDA:95,18,0,1
BRDA:123,19,0,34
BRDA:132,20,0,26
BRDA:132,21,0,8
BRDA:156,22,0,13
BRDA:157,23,0,0
BRDA:159,24,0,21
BRDA:159,25,0,21
BRDA:187,26,0,1
BRDA:196,27,0,0
BRDA:129,28,0,9
BRDA:133,29,0,50
BRDA:134,30,0,2
BRDA:135,31,0,1
BRDA:143,32,0,3
BRDA:151,33,0,1
BRDA:172,34,0,39
BRDA:178,35,0,0
BRDA:207,36,0,1
BRF:37
BRH:30
end_of_record
TN:
SF:src\theme\theme.ts
FNF:0
FNH:0
DA:1,1
DA:2,1
DA:3,1
DA:4,1
DA:5,1
DA:6,1
DA:7,1
DA:8,1
DA:9,1
DA:10,1
DA:11,1
DA:12,1
DA:13,1
DA:14,1
DA:15,1
DA:16,1
DA:17,1
DA:18,1
DA:19,1
DA:20,1
DA:21,1
DA:22,1
DA:23,1
DA:24,1
DA:25,1
DA:26,1
DA:27,1
DA:28,1
DA:29,1
DA:30,1
LF:30
LH:30
BRF:0
BRH:0
end_of_record
